(node:1935) [DEP0061] DeprecationWarning: fs.SyncWriteStream is deprecated.
INFO  Start processing
INFO  Hexo is running at http://localhost:4000. Press Ctrl+C to stop.
res null { stdout: 'INFO  Start processing\nINFO  Files loaded in 710 ms\nINFO  Generated: atom.xml\nINFO  Generated: content.json\nINFO  Generated: about/index.html\nINFO  Generated: categories/index.html\nINFO  Generated: 2017/03/02/hello-world/index.html\nINFO  Generated: archives/2017/03/index.html\nINFO  Generated: archives/2017/07/index.html\nINFO  Generated: archives/2017/08/index.html\nINFO  Generated: archives/2018/index.html\nINFO  Generated: archives/2018/02/index.html\nINFO  Generated: tags/配置/index.html\nINFO  Generated: tags/MySQL/index.html\nINFO  Generated: tags/Gitlab/index.html\nINFO  Generated: tags/杂记/index.html\nINFO  Generated: tags/爬虫/index.html\nINFO  Generated: tags/补锅笔记/index.html\nINFO  Generated: tags/反射/index.html\nINFO  Generated: tags/随笔/index.html\nINFO  Generated: tags/Spring-Boot/index.html\nINFO  Generated: tags/数据挖掘/index.html\nINFO  Generated: tags/足球/index.html\nINFO  Generated: tags/数据分析/index.html\nINFO  Generated: tags/Spring/index.html\nINFO  Generated: tags/机器学习/index.html\nINFO  Generated: tags/排序/index.html\nINFO  Generated: tags/index.html\nINFO  Generated: 2018/02/19/一种在服务器上部署Hexo博客的思路/index.html\nINFO  Generated: 2017/11/09/理解Spring中的依赖注入/index.html\nINFO  Generated: 2017/11/08/Docker容器间的互联/index.html\nINFO  Generated: 2017/11/06/Docker下快速安装MySQL并使用数据卷容器/index.html\nINFO  Generated: 2017/11/06/CentOS7下安装Docker/index.html\nINFO  Generated: 2017/11/05/理解Docker中的三大核心概念：镜像、容器、仓库/index.html\nINFO  Generated: 2017/11/04/Google-Java-Style-Guide在IntelliJ-IDEA中的配置/index.html\nINFO  Generated: 2017/11/04/使用Docker打包和部署Spring-Boot应用/index.html\nINFO  Generated: 2017/11/02/Java补锅笔记：利用反射获得对象的信息/index.html\nINFO  Generated: 2017/11/02/Java补锅笔记：反射机制/index.html\nINFO  Generated: 2017/11/01/Gitlab不靠谱搭建指南/index.html\nINFO  Generated: 2017/08/21/算法笔记：Top-N算法及Java实现/index.html\nINFO  Generated: 2017/08/20/算法笔记：K-means算法及Java实现/index.html\nINFO  Generated: 2017/08/18/数据归一化的方法/index.html\nINFO  Generated: 2017/07/23/算法笔记：一元线性回归及Java实现/index.html\nINFO  Generated: 2017/07/20/Java爬虫：爬取妹子图/index.html\nINFO  Generated: 2017/07/09/Java爬虫：爬取学校教务管理系统的信息/index.html\nINFO  Generated: 2017/07/08/使用PageRank算法计算球队排名/index.html\nINFO  Generated: archives/index.html\nINFO  Generated: archives/page/2/index.html\nINFO  Generated: archives/2017/index.html\nINFO  Generated: archives/2017/page/2/index.html\nINFO  Generated: archives/2017/11/index.html\nINFO  Generated: index.html\nINFO  Generated: page/2/index.html\nINFO  Generated: tags/Docker/index.html\nINFO  Generated: tags/Java/index.html\nINFO  Generated: tags/算法/index.html\nINFO  54 files generated in 2.07 s\nINFO  Deploying: git\nINFO  Clearing .deploy_git folder...\nINFO  Copying files from public folder...\nINFO  Copying files from extend dirs...\n[master dde7112] Site updated: 2018-02-20 13:51:18\n 4 files changed, 12 insertions(+), 9 deletions(-)\n rewrite content.json (96%)\n分支 master 设置为跟踪来自 git@github.com:voidAlex/voidAlex.github.io.git 的远程分支 master。\nINFO  Deploy done: git\n',
  stderr: '(node:4211) [DEP0061] DeprecationWarning: fs.SyncWriteStream is deprecated.\nTo git@github.com:voidAlex/voidAlex.github.io.git\n   74b68f1..dde7112  HEAD -> master\n' }
res null { stdout: 'INFO  Start processing\nINFO  Files loaded in 707 ms\nINFO  Generated: atom.xml\nINFO  Generated: content.json\nINFO  Generated: archives/2018/index.html\nINFO  Generated: archives/2018/02/index.html\nINFO  Generated: tags/杂记/index.html\nINFO  Generated: tags/index.html\nINFO  Generated: 2018/02/19/一种在服务器上部署Hexo博客的思路/index.html\nINFO  Generated: archives/index.html\nINFO  Generated: index.html\nINFO  Generated: tags/配置/index.html\nINFO  10 files generated in 2.13 s\nINFO  Deploying: git\nINFO  Clearing .deploy_git folder...\nINFO  Copying files from public folder...\nINFO  Copying files from extend dirs...\n[master b09b3a8] Site updated: 2018-02-20 14:00:45\n 10 files changed, 322 insertions(+), 30 deletions(-)\n rewrite content.json (96%)\n分支 master 设置为跟踪来自 git@github.com:voidAlex/voidAlex.github.io.git 的远程分支 master。\nINFO  Deploy done: git\n',
  stderr: '(node:4276) [DEP0061] DeprecationWarning: fs.SyncWriteStream is deprecated.\nTo git@github.com:voidAlex/voidAlex.github.io.git\n   dde7112..b09b3a8  HEAD -> master\n' }
res null { stdout: 'INFO  Start processing\nINFO  Files loaded in 728 ms\nINFO  Generated: atom.xml\nINFO  Generated: content.json\nINFO  Generated: 2018/02/19/一种在服务器上部署Hexo博客的思路/index.html\nINFO  3 files generated in 2.31 s\nINFO  Deploying: git\nINFO  Clearing .deploy_git folder...\nINFO  Copying files from public folder...\nINFO  Copying files from extend dirs...\n[master 7cc4259] Site updated: 2018-02-20 14:02:46\n 3 files changed, 7 insertions(+), 7 deletions(-)\n rewrite content.json (94%)\n分支 master 设置为跟踪来自 git@github.com:voidAlex/voidAlex.github.io.git 的远程分支 master。\nINFO  Deploy done: git\n',
  stderr: '(node:4298) [DEP0061] DeprecationWarning: fs.SyncWriteStream is deprecated.\nTo git@github.com:voidAlex/voidAlex.github.io.git\n   b09b3a8..7cc4259  HEAD -> master\n' }
res null { stdout: 'INFO  Start processing\nINFO  Files loaded in 750 ms\nINFO  Generated: atom.xml\nINFO  Generated: content.json\nINFO  Generated: 2018/02/19/一种在服务器上部署Hexo博客的思路/index.html\nINFO  3 files generated in 2.17 s\nINFO  Deploying: git\nINFO  Clearing .deploy_git folder...\nINFO  Copying files from public folder...\nINFO  Copying files from extend dirs...\n[master f9856c1] Site updated: 2018-02-20 14:06:57\n 3 files changed, 8 insertions(+), 8 deletions(-)\n分支 master 设置为跟踪来自 git@github.com:voidAlex/voidAlex.github.io.git 的远程分支 master。\nINFO  Deploy done: git\n',
  stderr: '(node:4339) [DEP0061] DeprecationWarning: fs.SyncWriteStream is deprecated.\nTo git@github.com:voidAlex/voidAlex.github.io.git\n   7cc4259..f9856c1  HEAD -> master\n' }
in pages /cjdv804d30001jkxu7hfr85zy
res null { stdout: 'INFO  Start processing\nINFO  Files loaded in 639 ms\nINFO  Generated: content.json\nINFO  Generated: atom.xml\nINFO  Generated: categories/index.html\nINFO  Generated: about/index.html\nINFO  Generated: archives/2017/03/index.html\nINFO  Generated: archives/2017/07/index.html\nINFO  Generated: archives/2017/08/index.html\nINFO  Generated: archives/2018/index.html\nINFO  Generated: archives/2018/02/index.html\nINFO  Generated: tags/MySQL/index.html\nINFO  Generated: tags/Gitlab/index.html\nINFO  Generated: 2017/03/02/hello-world/index.html\nINFO  Generated: tags/爬虫/index.html\nINFO  Generated: tags/随笔/index.html\nINFO  Generated: tags/Spring-Boot/index.html\nINFO  Generated: tags/数据挖掘/index.html\nINFO  Generated: tags/足球/index.html\nINFO  Generated: tags/数据分析/index.html\nINFO  Generated: tags/Spring/index.html\nINFO  Generated: tags/补锅笔记/index.html\nINFO  Generated: tags/反射/index.html\nINFO  Generated: tags/杂记/index.html\nINFO  Generated: tags/机器学习/index.html\nINFO  Generated: tags/排序/index.html\nINFO  Generated: tags/index.html\nINFO  Generated: 2018/02/19/一种在服务器上部署Hexo博客的思路/index.html\nINFO  Generated: 2017/11/09/理解Spring中的依赖注入/index.html\nINFO  Generated: 2017/11/08/Docker容器间的互联/index.html\nINFO  Generated: 2017/11/06/Docker下快速安装MySQL并使用数据卷容器/index.html\nINFO  Generated: 2017/11/06/CentOS7下安装Docker/index.html\nINFO  Generated: 2017/11/05/理解Docker中的三大核心概念：镜像、容器、仓库/index.html\nINFO  Generated: 2017/11/04/Google-Java-Style-Guide在IntelliJ-IDEA中的配置/index.html\nINFO  Generated: 2017/11/04/使用Docker打包和部署Spring-Boot应用/index.html\nINFO  Generated: 2017/11/02/Java补锅笔记：利用反射获得对象的信息/index.html\nINFO  Generated: 2017/11/02/Java补锅笔记：反射机制/index.html\nINFO  Generated: 2017/11/01/Gitlab不靠谱搭建指南/index.html\nINFO  Generated: 2017/08/21/算法笔记：Top-N算法及Java实现/index.html\nINFO  Generated: 2017/08/20/算法笔记：K-means算法及Java实现/index.html\nINFO  Generated: 2017/08/18/数据归一化的方法/index.html\nINFO  Generated: 2017/07/23/算法笔记：一元线性回归及Java实现/index.html\nINFO  Generated: 2017/07/20/Java爬虫：爬取妹子图/index.html\nINFO  Generated: 2017/07/09/Java爬虫：爬取学校教务管理系统的信息/index.html\nINFO  Generated: 2017/07/08/使用PageRank算法计算球队排名/index.html\nINFO  Generated: archives/index.html\nINFO  Generated: archives/page/2/index.html\nINFO  Generated: archives/2017/index.html\nINFO  Generated: archives/2017/page/2/index.html\nINFO  Generated: archives/2017/11/index.html\nINFO  Generated: index.html\nINFO  Generated: page/2/index.html\nINFO  Generated: tags/Docker/index.html\nINFO  Generated: tags/配置/index.html\nINFO  Generated: tags/Java/index.html\nINFO  Generated: tags/算法/index.html\nINFO  54 files generated in 3.05 s\nINFO  Deploying: git\nINFO  Clearing .deploy_git folder...\nINFO  Copying files from public folder...\nINFO  Copying files from extend dirs...\n[master 6737b4d] Site updated: 2018-02-21 02:41:43\n 54 files changed, 694 insertions(+), 732 deletions(-)\n rewrite content.json (98%)\n分支 master 设置为跟踪来自 git@github.com:voidAlex/voidAlex.github.io.git 的远程分支 master。\nINFO  Deploy done: git\n',
  stderr: '(node:12159) [DEP0061] DeprecationWarning: fs.SyncWriteStream is deprecated.\nTo git@github.com:voidAlex/voidAlex.github.io.git\n   f9856c1..6737b4d  HEAD -> master\n' }
res null { stdout: 'INFO  Start processing\nINFO  Files loaded in 610 ms\nINFO  Generated: about/index.html\nINFO  Generated: categories/index.html\nINFO  Generated: 2017/03/02/hello-world/index.html\nINFO  Generated: archives/2017/03/index.html\nINFO  Generated: archives/2017/07/index.html\nINFO  Generated: archives/2017/08/index.html\nINFO  Generated: archives/2018/index.html\nINFO  Generated: archives/2018/02/index.html\nINFO  Generated: tags/MySQL/index.html\nINFO  Generated: tags/Gitlab/index.html\nINFO  Generated: tags/杂记/index.html\nINFO  Generated: tags/爬虫/index.html\nINFO  Generated: tags/补锅笔记/index.html\nINFO  Generated: tags/反射/index.html\nINFO  Generated: tags/随笔/index.html\nINFO  Generated: tags/Spring-Boot/index.html\nINFO  Generated: tags/数据挖掘/index.html\nINFO  Generated: tags/足球/index.html\nINFO  Generated: tags/数据分析/index.html\nINFO  Generated: tags/Spring/index.html\nINFO  Generated: tags/机器学习/index.html\nINFO  Generated: tags/排序/index.html\nINFO  Generated: tags/index.html\nINFO  Generated: 2018/02/19/一种在服务器上部署Hexo博客的思路/index.html\nINFO  Generated: 2017/11/09/理解Spring中的依赖注入/index.html\nINFO  Generated: 2017/11/08/Docker容器间的互联/index.html\nINFO  Generated: 2017/11/06/Docker下快速安装MySQL并使用数据卷容器/index.html\nINFO  Generated: 2017/11/06/CentOS7下安装Docker/index.html\nINFO  Generated: 2017/11/05/理解Docker中的三大核心概念：镜像、容器、仓库/index.html\nINFO  Generated: 2017/11/04/Google-Java-Style-Guide在IntelliJ-IDEA中的配置/index.html\nINFO  Generated: 2017/11/04/使用Docker打包和部署Spring-Boot应用/index.html\nINFO  Generated: 2017/11/02/Java补锅笔记：利用反射获得对象的信息/index.html\nINFO  Generated: 2017/11/02/Java补锅笔记：反射机制/index.html\nINFO  Generated: 2017/11/01/Gitlab不靠谱搭建指南/index.html\nINFO  Generated: 2017/08/21/算法笔记：Top-N算法及Java实现/index.html\nINFO  Generated: 2017/08/20/算法笔记：K-means算法及Java实现/index.html\nINFO  Generated: 2017/08/18/数据归一化的方法/index.html\nINFO  Generated: 2017/07/23/算法笔记：一元线性回归及Java实现/index.html\nINFO  Generated: 2017/07/20/Java爬虫：爬取妹子图/index.html\nINFO  Generated: 2017/07/09/Java爬虫：爬取学校教务管理系统的信息/index.html\nINFO  Generated: 2017/07/08/使用PageRank算法计算球队排名/index.html\nINFO  Generated: archives/index.html\nINFO  Generated: archives/page/2/index.html\nINFO  Generated: archives/2017/index.html\nINFO  Generated: archives/2017/page/2/index.html\nINFO  Generated: archives/2017/11/index.html\nINFO  Generated: index.html\nINFO  Generated: page/2/index.html\nINFO  Generated: tags/Docker/index.html\nINFO  Generated: tags/配置/index.html\nINFO  Generated: tags/Java/index.html\nINFO  Generated: tags/算法/index.html\nINFO  52 files generated in 2.41 s\nINFO  Deploying: git\nINFO  Clearing .deploy_git folder...\nINFO  Copying files from public folder...\nINFO  Copying files from extend dirs...\n[master e77f941] Site updated: 2018-02-21 02:43:29\n 52 files changed, 52 insertions(+), 52 deletions(-)\n分支 master 设置为跟踪来自 git@github.com:voidAlex/voidAlex.github.io.git 的远程分支 master。\nINFO  Deploy done: git\n',
  stderr: '(node:12193) [DEP0061] DeprecationWarning: fs.SyncWriteStream is deprecated.\nTo git@github.com:voidAlex/voidAlex.github.io.git\n   6737b4d..e77f941  HEAD -> master\n' }
in pages /cjdv804d30001jkxu7hfr85zy
res null { stdout: 'INFO  Start processing\nINFO  Files loaded in 779 ms\nINFO  0 files generated in 2.42 s\nINFO  Deploying: git\nINFO  Clearing .deploy_git folder...\nINFO  Copying files from public folder...\nINFO  Copying files from extend dirs...\n位于分支 master\n无文件要提交，干净的工作区\n分支 master 设置为跟踪来自 git@github.com:voidAlex/voidAlex.github.io.git 的远程分支 master。\nINFO  Deploy done: git\n',
  stderr: '(node:12572) [DEP0061] DeprecationWarning: fs.SyncWriteStream is deprecated.\nEverything up-to-date\n' }
res null { stdout: 'INFO  Start processing\nINFO  Files loaded in 582 ms\nINFO  Generated: 2017/11/09/理解Spring中的依赖注入/index.html\nINFO  Generated: 2017/11/06/Docker下快速安装MySQL并使用数据卷容器/index.html\nINFO  Generated: 2017/11/06/CentOS7下安装Docker/index.html\nINFO  Generated: 2017/11/05/理解Docker中的三大核心概念：镜像、容器、仓库/index.html\nINFO  Generated: 2017/11/04/Google-Java-Style-Guide在IntelliJ-IDEA中的配置/index.html\nINFO  Generated: 2017/11/04/使用Docker打包和部署Spring-Boot应用/index.html\nINFO  Generated: 2018/02/19/一种在服务器上部署Hexo博客的思路/index.html\nINFO  Generated: 2017/11/02/Java补锅笔记：反射机制/index.html\nINFO  Generated: 2017/03/02/hello-world/index.html\nINFO  Generated: 2017/11/08/Docker容器间的互联/index.html\nINFO  Generated: 2017/11/02/Java补锅笔记：利用反射获得对象的信息/index.html\nINFO  Generated: 2017/11/01/Gitlab不靠谱搭建指南/index.html\nINFO  Generated: 2017/08/21/算法笔记：Top-N算法及Java实现/index.html\nINFO  Generated: 2017/08/20/算法笔记：K-means算法及Java实现/index.html\nINFO  Generated: 2017/08/18/数据归一化的方法/index.html\nINFO  Generated: 2017/07/23/算法笔记：一元线性回归及Java实现/index.html\nINFO  Generated: 2017/07/20/Java爬虫：爬取妹子图/index.html\nINFO  Generated: 2017/07/09/Java爬虫：爬取学校教务管理系统的信息/index.html\nINFO  Generated: 2017/07/08/使用PageRank算法计算球队排名/index.html\nINFO  19 files generated in 2.34 s\nINFO  Deploying: git\nINFO  Clearing .deploy_git folder...\nINFO  Copying files from public folder...\nINFO  Copying files from extend dirs...\n[master 613b67f] Site updated: 2018-02-21 03:19:26\n 19 files changed, 152 insertions(+), 114 deletions(-)\n分支 master 设置为跟踪来自 git@github.com:voidAlex/voidAlex.github.io.git 的远程分支 master。\nINFO  Deploy done: git\n',
  stderr: '(node:12637) [DEP0061] DeprecationWarning: fs.SyncWriteStream is deprecated.\nTo git@github.com:voidAlex/voidAlex.github.io.git\n   e77f941..613b67f  HEAD -> master\n' }
res null { stdout: 'INFO  Start processing\nINFO  Files loaded in 1.46 s\nINFO  Generated: content.json\nINFO  Generated: atom.xml\nINFO  Generated: 2018/02/19/一种在服务器上部署Hexo博客的思路/index.html\nINFO  3 files generated in 3.06 s\nINFO  Deploying: git\nINFO  Clearing .deploy_git folder...\nINFO  Copying files from public folder...\nINFO  Copying files from extend dirs...\n[master 3fe4386] Site updated: 2018-02-21 09:31:16\n 3 files changed, 27 insertions(+), 27 deletions(-)\n rewrite content.json (94%)\n分支 master 设置为跟踪来自 git@github.com:voidAlex/voidAlex.github.io.git 的远程分支 master。\nINFO  Deploy done: git\n',
  stderr: '(node:18305) [DEP0061] DeprecationWarning: fs.SyncWriteStream is deprecated.\nTo git@github.com:voidAlex/voidAlex.github.io.git\n   613b67f..3fe4386  HEAD -> master\n' }
in pages /cjdv804d30001jkxu7hfr85zy
(node:1879) [DEP0061] DeprecationWarning: fs.SyncWriteStream is deprecated.
INFO  Start processing
INFO  Hexo is running at http://localhost:4000. Press Ctrl+C to stop.
(node:19495) [DEP0061] DeprecationWarning: fs.SyncWriteStream is deprecated.
FATAL Port 4000 has been used. Try other port instead.
FATAL Something's wrong. Maybe you can find the solution here: http://hexo.io/docs/troubleshooting.html
Error: listen EADDRINUSE :::4000
    at Object._errnoException (util.js:1022:11)
    at _exceptionWithHostPort (util.js:1044:20)
    at Server.setupListenHandle [as _listen2] (net.js:1351:14)
    at listenInCluster (net.js:1392:12)
    at Server.listen (net.js:1476:7)
    at /root/blog/node_modules/hexo-server/lib/server.js:82:12
    at Promise._execute (/root/blog/node_modules/bluebird/js/release/debuggability.js:300:9)
    at Promise._resolveFromExecutor (/root/blog/node_modules/bluebird/js/release/promise.js:481:18)
    at new Promise (/root/blog/node_modules/bluebird/js/release/promise.js:77:14)
    at checkPort (/root/blog/node_modules/hexo-server/lib/server.js:68:10)
    at Hexo.module.exports (/root/blog/node_modules/hexo-server/lib/server.js:19:10)
    at Hexo.tryCatcher (/root/blog/node_modules/bluebird/js/release/util.js:16:23)
    at Hexo.<anonymous> (/root/blog/node_modules/bluebird/js/release/method.js:15:34)
    at /root/blog/node_modules/hexo/lib/hexo/index.js:195:9
    at Promise._execute (/root/blog/node_modules/bluebird/js/release/debuggability.js:300:9)
    at Promise._resolveFromExecutor (/root/blog/node_modules/bluebird/js/release/promise.js:481:18)
    at new Promise (/root/blog/node_modules/bluebird/js/release/promise.js:77:14)
    at Hexo.call (/root/blog/node_modules/hexo/lib/hexo/index.js:191:10)
    at /usr/local/lib/node_modules/hexo-cli/lib/hexo.js:66:17
    at tryCatcher (/usr/local/lib/node_modules/hexo-cli/node_modules/bluebird/js/release/util.js:16:23)
    at Promise._settlePromiseFromHandler (/usr/local/lib/node_modules/hexo-cli/node_modules/bluebird/js/release/promise.js:512:31)
    at Promise._settlePromise (/usr/local/lib/node_modules/hexo-cli/node_modules/bluebird/js/release/promise.js:569:18)
    at Promise._settlePromise0 (/usr/local/lib/node_modules/hexo-cli/node_modules/bluebird/js/release/promise.js:614:10)
    at Promise._settlePromises (/usr/local/lib/node_modules/hexo-cli/node_modules/bluebird/js/release/promise.js:693:18)
    at Async._drainQueue (/usr/local/lib/node_modules/hexo-cli/node_modules/bluebird/js/release/async.js:133:16)
    at Async._drainQueues (/usr/local/lib/node_modules/hexo-cli/node_modules/bluebird/js/release/async.js:143:10)
    at Immediate.Async.drainQueues [as _onImmediate] (/usr/local/lib/node_modules/hexo-cli/node_modules/bluebird/js/release/async.js:17:14)
    at runCallback (timers.js:789:20)
(node:19537) [DEP0061] DeprecationWarning: fs.SyncWriteStream is deprecated.
INFO  Start processing
INFO  Hexo is running at http://localhost:4000. Press Ctrl+C to stop.
res null { stdout: 'INFO  Start processing\nINFO  Files loaded in 749 ms\nINFO  0 files generated in 3.28 s\nINFO  Deploying: git\nINFO  Clearing .deploy_git folder...\nINFO  Copying files from public folder...\nINFO  Copying files from extend dirs...\n位于分支 master\n无文件要提交，干净的工作区\n分支 master 设置为跟踪来自 git@github.com:voidAlex/voidAlex.github.io.git 的远程分支 master。\nINFO  Deploy done: git\n',
  stderr: '(node:19564) [DEP0061] DeprecationWarning: fs.SyncWriteStream is deprecated.\nEverything up-to-date\n' }
res null { stdout: 'INFO  Start processing\nINFO  Files loaded in 672 ms\nINFO  Generated: img/favicon.ico\nINFO  Generated: img/avatar.png\nINFO  2 files generated in 3.1 s\nINFO  Deploying: git\nINFO  Clearing .deploy_git folder...\nINFO  Copying files from public folder...\nINFO  Copying files from extend dirs...\n[master b59bd5d] Site updated: 2018-05-22 10:00:21\n 2 files changed, 0 insertions(+), 0 deletions(-)\n rewrite img/avatar.png (97%)\n rewrite img/favicon.ico (98%)\n分支 master 设置为跟踪来自 git@github.com:voidAlex/voidAlex.github.io.git 的远程分支 master。\nINFO  Deploy done: git\n',
  stderr: '(node:19708) [DEP0061] DeprecationWarning: fs.SyncWriteStream is deprecated.\nTo git@github.com:voidAlex/voidAlex.github.io.git\n   fac1853..b59bd5d  HEAD -> master\n' }
res null { stdout: 'INFO  Start processing\nINFO  Files loaded in 656 ms\nINFO  0 files generated in 3.27 s\nINFO  Deploying: git\nINFO  Clearing .deploy_git folder...\nINFO  Copying files from public folder...\nINFO  Copying files from extend dirs...\n位于分支 master\n无文件要提交，干净的工作区\n分支 master 设置为跟踪来自 git@github.com:voidAlex/voidAlex.github.io.git 的远程分支 master。\nINFO  Deploy done: git\n',
  stderr: '(node:21498) [DEP0061] DeprecationWarning: fs.SyncWriteStream is deprecated.\nEverything up-to-date\n' }
